TN:
SF:src\job\main.ts
FN:25,main
FN:41,(anonymous_1)
FN:69,resolveCustomMatrixFromEnv
FN:84,(anonymous_3)
FN:111,getAzureConfig
FN:124,requireEnv
FNF:6
FNH:6
FNDA:2,main
FNDA:1,(anonymous_1)
FNDA:5,resolveCustomMatrixFromEnv
FNDA:3,(anonymous_3)
FNDA:4,getAzureConfig
FNDA:8,requireEnv
DA:1,7
DA:2,7
DA:3,7
DA:25,7
DA:26,2
DA:27,2
DA:28,2
DA:29,2
DA:31,2
DA:32,2
DA:33,2
DA:34,2
DA:35,2
DA:37,2
DA:39,2
DA:40,1
DA:41,1
DA:43,1
DA:47,2
DA:49,2
DA:51,0
DA:52,0
DA:69,7
DA:70,5
DA:71,5
DA:74,3
DA:75,3
DA:77,1
DA:80,2
DA:81,0
DA:84,2
DA:85,3
DA:86,3
DA:88,3
DA:89,0
DA:91,3
DA:92,0
DA:95,3
DA:98,2
DA:111,7
DA:112,4
DA:114,4
DA:124,7
DA:125,8
DA:126,8
DA:127,7
DA:131,7
DA:132,0
LF:48
LH:42
BRDA:39,0,0,1
BRDA:39,0,1,1
BRDA:49,1,0,2
BRDA:49,1,1,0
BRDA:70,2,0,5
BRDA:70,2,1,2
BRDA:71,3,0,2
BRDA:80,4,0,0
BRDA:88,5,0,0
BRDA:88,6,0,3
BRDA:88,6,1,3
BRDA:91,7,0,0
BRDA:91,8,0,3
BRDA:91,8,1,3
BRDA:98,9,0,2
BRDA:98,9,1,0
BRDA:112,10,0,4
BRDA:112,10,1,4
BRDA:112,11,0,4
BRDA:112,11,1,4
BRDA:125,12,0,8
BRDA:125,12,1,1
BRDA:126,13,0,1
BRDA:131,14,0,0
BRF:24
BRH:18
end_of_record
TN:
SF:src\services\configService.ts
FN:45,(anonymous_0)
FN:68,(anonymous_1)
FN:72,(anonymous_2)
FN:83,(anonymous_3)
FN:88,(anonymous_4)
FN:91,(anonymous_5)
FN:92,(anonymous_6)
FN:99,(anonymous_7)
FN:104,(anonymous_8)
FN:107,(anonymous_9)
FN:108,(anonymous_10)
FN:123,(anonymous_11)
FN:135,(anonymous_12)
FN:173,(anonymous_13)
FN:197,(anonymous_14)
FN:249,(anonymous_15)
FN:250,(anonymous_16)
FN:287,(anonymous_17)
FN:345,(anonymous_18)
FN:353,(anonymous_19)
FN:361,(anonymous_20)
FNF:21
FNH:21
FNDA:20,(anonymous_0)
FNDA:2,(anonymous_1)
FNDA:2,(anonymous_2)
FNDA:2,(anonymous_3)
FNDA:1,(anonymous_4)
FNDA:2,(anonymous_5)
FNDA:2,(anonymous_6)
FNDA:2,(anonymous_7)
FNDA:2,(anonymous_8)
FNDA:2,(anonymous_9)
FNDA:4,(anonymous_10)
FNDA:8,(anonymous_11)
FNDA:8,(anonymous_12)
FNDA:3,(anonymous_13)
FNDA:8,(anonymous_14)
FNDA:4,(anonymous_15)
FNDA:4,(anonymous_16)
FNDA:8,(anonymous_17)
FNDA:11,(anonymous_18)
FNDA:16,(anonymous_19)
FNDA:71,(anonymous_20)
DA:1,7
DA:2,7
DA:42,7
DA:46,20
DA:47,20
DA:48,3
DA:51,17
DA:52,17
DA:69,2
DA:73,2
DA:74,2
DA:77,1
DA:81,1
DA:83,2
DA:86,1
DA:88,1
DA:91,1
DA:92,2
DA:95,1
DA:97,1
DA:99,2
DA:102,1
DA:104,2
DA:107,1
DA:108,4
DA:124,8
DA:125,8
DA:126,8
DA:128,6
DA:136,8
DA:137,8
DA:143,8
DA:145,8
DA:151,0
DA:154,0
DA:155,0
DA:174,3
DA:175,3
DA:176,3
DA:177,3
DA:179,0
DA:182,2
DA:183,2
DA:184,1
DA:186,1
DA:198,8
DA:200,8
DA:207,8
DA:215,8
DA:223,0
DA:226,0
DA:250,4
DA:252,4
DA:253,4
DA:254,4
DA:255,4
DA:256,0
DA:257,0
DA:260,0
DA:263,4
DA:264,4
DA:265,3
DA:266,3
DA:269,1
DA:288,8
DA:290,8
DA:291,0
DA:294,8
DA:295,8
DA:297,8
DA:299,6
DA:300,6
DA:302,1
DA:307,5
DA:308,1
DA:311,4
DA:314,6
DA:316,6
DA:317,6
DA:318,11
DA:319,1
DA:320,1
DA:323,10
DA:324,4
DA:325,4
DA:328,6
DA:332,6
DA:333,5
DA:334,5
DA:335,1
DA:336,1
DA:339,1
DA:342,6
DA:346,11
DA:354,16
DA:355,16
DA:356,16
DA:357,16
DA:358,16
DA:362,71
DA:363,71
DA:365,0
LF:102
LH:91
BRDA:46,0,0,20
BRDA:46,0,1,3
BRDA:47,1,0,3
BRDA:81,2,0,1
BRDA:81,2,1,0
BRDA:81,2,2,0
BRDA:86,3,0,1
BRDA:86,3,1,0
BRDA:86,3,2,0
BRDA:97,4,0,1
BRDA:97,4,1,0
BRDA:102,5,0,1
BRDA:102,5,1,0
BRDA:130,6,0,6
BRDA:130,6,1,0
BRDA:131,7,0,6
BRDA:131,7,1,0
BRDA:143,8,0,8
BRDA:143,8,1,8
BRDA:143,8,2,8
BRDA:146,9,0,8
BRDA:146,9,1,8
BRDA:147,10,0,8
BRDA:147,10,1,8
BRDA:147,10,2,8
BRDA:148,11,0,8
BRDA:148,11,1,8
BRDA:148,11,2,8
BRDA:154,12,0,0
BRDA:154,12,1,0
BRDA:156,13,0,0
BRDA:156,13,1,0
BRDA:157,14,0,0
BRDA:157,14,1,0
BRDA:158,15,0,0
BRDA:158,15,1,0
BRDA:176,16,0,3
BRDA:176,16,1,2
BRDA:177,17,0,1
BRDA:182,18,0,2
BRDA:182,18,1,1
BRDA:183,19,0,1
BRDA:216,20,0,8
BRDA:216,20,1,0
BRDA:217,21,0,8
BRDA:217,21,1,8
BRDA:217,21,2,8
BRDA:218,22,0,8
BRDA:218,22,1,8
BRDA:219,23,0,8
BRDA:219,23,1,8
BRDA:220,24,0,8
BRDA:220,24,1,0
BRDA:228,25,0,0
BRDA:228,25,1,0
BRDA:249,26,0,0
BRDA:254,27,0,4
BRDA:254,27,1,4
BRDA:255,28,0,0
BRDA:257,29,0,0
BRDA:257,30,0,0
BRDA:257,30,1,0
BRDA:263,31,0,4
BRDA:263,31,1,1
BRDA:264,32,0,3
BRDA:266,33,0,3
BRDA:266,34,0,3
BRDA:266,34,1,3
BRDA:288,35,0,8
BRDA:288,35,1,0
BRDA:290,36,0,0
BRDA:294,37,0,8
BRDA:294,37,1,2
BRDA:297,38,0,6
BRDA:307,39,0,1
BRDA:307,40,0,5
BRDA:307,40,1,5
BRDA:307,40,2,5
BRDA:318,41,0,1
BRDA:323,42,0,4
BRDA:328,43,0,0
BRDA:328,43,1,6
BRDA:328,44,0,6
BRDA:328,44,1,6
BRDA:332,45,0,5
BRDA:332,45,1,1
BRDA:335,46,0,1
BRDA:354,47,0,0
BRDA:354,48,0,16
BRDA:354,48,1,16
BRDA:356,49,0,0
BRDA:356,50,0,16
BRDA:356,50,1,16
BRDA:356,50,2,16
BRDA:356,50,3,16
BRDA:357,51,0,0
BRDA:357,52,0,16
BRDA:357,52,1,16
BRDA:357,52,2,16
BRDA:357,52,3,16
BRF:100
BRH:69
end_of_record
TN:
SF:src\services\containerService.ts
FN:42,(anonymous_0)
FN:141,(anonymous_2)
FN:174,(anonymous_3)
FN:186,(anonymous_4)
FNF:4
FNH:4
FNDA:7,(anonymous_0)
FNDA:5,(anonymous_2)
FNDA:4,(anonymous_3)
FNDA:5,(anonymous_4)
DA:1,7
DA:2,7
DA:3,7
DA:35,7
DA:43,7
DA:44,7
DA:45,7
DA:64,5
DA:65,5
DA:67,5
DA:72,5
DA:73,5
DA:98,3
DA:100,3
DA:109,2
DA:114,2
DA:146,5
DA:153,5
DA:155,2
DA:156,7
DA:157,4
DA:158,4
DA:160,3
DA:163,2
DA:175,4
DA:177,4
DA:178,4
DA:187,5
DA:188,5
DA:189,1
DA:194,4
LF:31
LH:31
BRDA:62,0,0,0
BRDA:72,1,0,5
BRDA:72,1,1,5
BRDA:102,2,0,3
BRDA:102,2,1,0
BRDA:119,3,0,2
BRDA:119,3,1,0
BRDA:153,4,0,3
BRDA:156,5,0,4
BRDA:156,6,0,7
BRDA:156,6,1,6
BRDA:156,6,2,5
BRDA:156,6,3,4
BRDA:177,7,0,1
BRDA:177,7,1,3
BRDA:187,8,0,5
BRDA:187,8,1,1
BRDA:188,9,0,1
BRF:18
BRH:15
end_of_record
TN:
SF:src\services\orchestrationService.ts
FN:23,(anonymous_0)
FN:36,(anonymous_1)
FN:58,(anonymous_2)
FN:94,(anonymous_3)
FN:100,(anonymous_4)
FN:101,(anonymous_5)
FN:113,(anonymous_6)
FN:114,(anonymous_7)
FN:121,(anonymous_8)
FN:123,(anonymous_9)
FN:166,(anonymous_10)
FN:175,(anonymous_11)
FNF:12
FNH:10
FNDA:3,(anonymous_0)
FNDA:3,(anonymous_1)
FNDA:6,(anonymous_2)
FNDA:6,(anonymous_3)
FNDA:6,(anonymous_4)
FNDA:6,(anonymous_5)
FNDA:2,(anonymous_6)
FNDA:1,(anonymous_7)
FNDA:0,(anonymous_8)
FNDA:0,(anonymous_9)
FNDA:3,(anonymous_10)
FNDA:6,(anonymous_11)
DA:19,7
DA:24,3
DA:25,3
DA:37,3
DA:40,3
DA:42,3
DA:44,3
DA:45,3
DA:46,3
DA:47,3
DA:49,3
DA:51,3
DA:52,3
DA:56,3
DA:57,3
DA:58,6
DA:61,3
DA:64,3
DA:67,3
DA:69,3
DA:70,3
DA:71,3
DA:72,3
DA:74,3
DA:75,2
DA:77,1
DA:80,3
DA:81,1
DA:82,1
DA:83,1
DA:85,2
DA:89,3
DA:91,3
DA:96,6
DA:100,6
DA:101,6
DA:103,3
DA:104,3
DA:105,3
DA:106,3
DA:107,3
DA:108,3
DA:110,3
DA:111,1
DA:112,1
DA:113,2
DA:114,1
DA:119,3
DA:120,3
DA:121,0
DA:122,0
DA:124,0
DA:128,0
DA:129,0
DA:130,0
DA:131,0
DA:132,0
DA:136,3
DA:137,3
DA:138,3
DA:139,3
DA:140,3
DA:142,3
DA:152,0
DA:153,0
DA:171,3
DA:172,3
DA:173,3
DA:175,3
DA:176,6
DA:177,12
DA:178,12
DA:179,6
DA:183,3
DA:184,3
LF:75
LH:65
BRDA:36,0,0,0
BRDA:40,1,0,3
BRDA:40,1,1,0
BRDA:42,2,0,3
BRDA:42,2,1,0
BRDA:51,3,0,3
BRDA:51,3,1,1
BRDA:52,4,0,1
BRDA:52,4,1,2
BRDA:56,5,0,1
BRDA:56,5,1,2
BRDA:70,6,0,3
BRDA:70,6,1,0
BRDA:74,7,0,2
BRDA:74,7,1,1
BRDA:74,8,0,3
BRDA:74,8,1,2
BRDA:80,9,0,1
BRDA:80,9,1,2
BRDA:82,10,0,0
BRDA:83,11,0,0
BRDA:110,12,0,1
BRDA:119,13,0,3
BRDA:119,13,1,3
BRDA:120,14,0,0
BRDA:121,15,0,0
BRDA:121,15,1,0
BRDA:124,16,0,0
BRDA:124,16,1,0
BRDA:124,16,2,0
BRDA:128,17,0,0
BRDA:144,18,0,2
BRDA:144,18,1,1
BRDA:178,19,0,6
BRF:34
BRH:21
end_of_record
